mode: set
submission_promotion_tracking_api/internal/app/services/promotion_postgres_service.go:26.96,30.2 1 1
submission_promotion_tracking_api/internal/app/services/promotion_postgres_service.go:33.98,36.2 1 1
submission_promotion_tracking_api/internal/app/services/promotion_postgres_service.go:39.79,41.2 1 1
submission_promotion_tracking_api/internal/app/services/promotion_postgres_service.go:44.104,47.16 2 1
submission_promotion_tracking_api/internal/app/services/promotion_postgres_service.go:47.16,49.45 1 1
submission_promotion_tracking_api/internal/app/services/promotion_postgres_service.go:49.45,54.4 1 0
submission_promotion_tracking_api/internal/app/services/promotion_postgres_service.go:56.3,56.33 1 1
submission_promotion_tracking_api/internal/app/services/promotion_postgres_service.go:59.2,59.19 1 1
submission_promotion_tracking_api/internal/app/services/promotion_postgres_service.go:63.111,67.16 2 1
submission_promotion_tracking_api/internal/app/services/promotion_postgres_service.go:67.16,70.45 1 1
submission_promotion_tracking_api/internal/app/services/promotion_postgres_service.go:70.45,75.4 1 0
submission_promotion_tracking_api/internal/app/services/promotion_postgres_service.go:77.3,77.33 1 1
submission_promotion_tracking_api/internal/app/services/promotion_postgres_service.go:80.2,80.25 1 1
submission_promotion_tracking_api/internal/app/services/promotion_postgres_service.go:84.87,86.2 1 1
